#
# There is insufficient memory for the Java Runtime Environment to continue.
# Native memory allocation (malloc) failed to allocate 32744 bytes for ChunkPool::allocate
# Possible reasons:
#   The system is out of physical RAM or swap space
#   The process is running with CompressedOops enabled, and the Java Heap may be blocking the growth of the native heap
# Possible solutions:
#   Reduce memory load on the system
#   Increase physical memory or swap space
#   Check if swap backing store is full
#   Decrease Java heap size (-Xmx/-Xms)
#   Decrease number of Java threads
#   Decrease Java thread stack sizes (-Xss)
#   Set larger code cache with -XX:ReservedCodeCacheSize=
#   JVM is running with Unscaled Compressed Oops mode in which the Java heap is
#     placed in the first 4GB address space. The Java Heap base address is the
#     maximum limit for the native heap growth. Please use -XX:HeapBaseMinAddress
#     to set the Java Heap base and to place the Java Heap above 4GB virtual address.
# This output file may be truncated or incomplete.
#
#  Out of Memory Error (arena.cpp:78), pid=2412, tid=15856
#
# JRE version: OpenJDK Runtime Environment Temurin-17.0.8.1+1 (17.0.8.1+1) (build 17.0.8.1+1)
# Java VM: OpenJDK 64-Bit Server VM Temurin-17.0.8.1+1 (17.0.8.1+1, mixed mode, tiered, compressed oops, compressed class ptrs, parallel gc, windows-amd64)
# No core dump will be written. Minidumps are not enabled by default on client versions of Windows
#

---------------  S U M M A R Y ------------

Command Line: --add-modules=ALL-SYSTEM --add-opens=java.base/java.util=ALL-UNNAMED --add-opens=java.base/java.lang=ALL-UNNAMED --add-opens=java.base/sun.nio.fs=ALL-UNNAMED -Declipse.application=org.eclipse.jdt.ls.core.id1 -Dosgi.bundles.defaultStartLevel=4 -Declipse.product=org.eclipse.jdt.ls.core.product -Djava.import.generatesMetadataFilesAtProjectRoot=false -Dfile.encoding=utf8 -XX:+UseParallelGC -XX:GCTimeRatio=4 -XX:AdaptiveSizePolicyWeight=90 -Dsun.zip.disableMemoryMapping=true -Xmx1G -Xms100m -Xlog:disable -javaagent:c:\Users\dayan\.vscode\extensions\redhat.java-1.22.1-win32-x64\lombok\lombok-1.18.28.jar -XX:+HeapDumpOnOutOfMemoryError -XX:HeapDumpPath=c:\Users\dayan\AppData\Roaming\Code\User\workspaceStorage\0b5e52b29039e0d816c6c08d15b953d9\redhat.java -Daether.dependencyCollector.impl=bf c:\Users\dayan\.vscode\extensions\redhat.java-1.22.1-win32-x64\server\plugins\org.eclipse.equinox.launcher_1.6.500.v20230717-2134.jar -configuration c:\Users\dayan\AppData\Roaming\Code\User\globalStorage\redhat.java\1.22.1\config_win -data c:\Users\dayan\AppData\Roaming\Code\User\workspaceStorage\0b5e52b29039e0d816c6c08d15b953d9\redhat.java\jdt_ws

Host: Intel(R) Core(TM) i5-2410M CPU @ 2.30GHz, 4 cores, 7G,  Windows 10 , 64 bit Build 19041 (10.0.19041.3393)
Time: Fri Sep 29 20:32:36 2023 Hora oficial do Brasil elapsed time: 32.483061 seconds (0d 0h 0m 32s)

---------------  T H R E A D  ---------------

Current thread (0x00000176ebc0b5e0):  JavaThread "C1 CompilerThread0" daemon [_thread_in_native, id=15856, stack(0x000000061c200000,0x000000061c300000)]


Current CompileTask:
C1:  32483 4356       3       org.eclipse.osgi.framework.util.FilePath::computeSegmentCount (90 bytes)

Stack: [0x000000061c200000,0x000000061c300000]
Native frames: (J=compiled Java code, j=interpreted, Vv=VM code, C=native code)
V  [jvm.dll+0x678b0a]
V  [jvm.dll+0x835e84]
V  [jvm.dll+0x83762e]
V  [jvm.dll+0x837c93]
V  [jvm.dll+0x24746f]
V  [jvm.dll+0xac42c]
V  [jvm.dll+0xac7dc]
V  [jvm.dll+0x11d6cc]
V  [jvm.dll+0x63add5]
V  [jvm.dll+0x1cd20e]
V  [jvm.dll+0x1455c9]
V  [jvm.dll+0x139638]
V  [jvm.dll+0x1450d8]
V  [jvm.dll+0x148339]
V  [jvm.dll+0x147d55]
V  [jvm.dll+0x13f5be]
V  [jvm.dll+0x141b75]
V  [jvm.dll+0x13fd5c]
V  [jvm.dll+0x14882d]
V  [jvm.dll+0x147d55]
V  [jvm.dll+0x13f5be]
V  [jvm.dll+0x141b75]
V  [jvm.dll+0x13fe54]
V  [jvm.dll+0x139dcf]
V  [jvm.dll+0x149946]
V  [jvm.dll+0x1354d0]
V  [jvm.dll+0x135830]
V  [jvm.dll+0x135af6]
V  [jvm.dll+0x134f8a]
V  [jvm.dll+0x136c51]
V  [jvm.dll+0x228d8a]
V  [jvm.dll+0x226dcc]
V  [jvm.dll+0x7ec09b]
V  [jvm.dll+0x7e64ca]
V  [jvm.dll+0x677955]
C  [ucrtbase.dll+0x21bb2]
C  [KERNEL32.DLL+0x17344]
C  [ntdll.dll+0x526b1]


---------------  P R O C E S S  ---------------

Threads class SMR info:
_java_thread_list=0x00000176ee61e5e0, length=27, elements={
0x00000176d0d7b8a0, 0x00000176e6adb810, 0x00000176ebbd2010, 0x00000176ebbf6190,
0x00000176ebbf6f20, 0x00000176ebbfcb00, 0x00000176ebc02c80, 0x00000176ebc06f20,
0x00000176ebc0b5e0, 0x00000176ebc23fb0, 0x00000176ebd4c2e0, 0x00000176ebe5aab0,
0x00000176ecae9b30, 0x00000176ecae0a50, 0x00000176ecae1980, 0x00000176ecae1e90,
0x00000176ecae2dc0, 0x00000176ecae23a0, 0x00000176ecae32d0, 0x00000176ecae37e0,
0x00000176ecae3cf0, 0x00000176ecae1470, 0x00000176ec8a98f0, 0x00000176ec8a47f0,
0x00000176ec8ab240, 0x00000176ec8a5c30, 0x00000176ec8a93e0
}

Java Threads: ( => current thread )
  0x00000176d0d7b8a0 JavaThread "main" [_thread_blocked, id=15836, stack(0x000000061b800000,0x000000061b900000)]
  0x00000176e6adb810 JavaThread "Reference Handler" daemon [_thread_blocked, id=6612, stack(0x000000061bb00000,0x000000061bc00000)]
  0x00000176ebbd2010 JavaThread "Finalizer" daemon [_thread_blocked, id=3076, stack(0x000000061bc00000,0x000000061bd00000)]
  0x00000176ebbf6190 JavaThread "Signal Dispatcher" daemon [_thread_blocked, id=11064, stack(0x000000061bd00000,0x000000061be00000)]
  0x00000176ebbf6f20 JavaThread "Attach Listener" daemon [_thread_blocked, id=11696, stack(0x000000061be00000,0x000000061bf00000)]
  0x00000176ebbfcb00 JavaThread "Service Thread" daemon [_thread_blocked, id=68, stack(0x000000061bf00000,0x000000061c000000)]
  0x00000176ebc02c80 JavaThread "Monitor Deflation Thread" daemon [_thread_blocked, id=2444, stack(0x000000061c000000,0x000000061c100000)]
  0x00000176ebc06f20 JavaThread "C2 CompilerThread0" daemon [_thread_in_native, id=2088, stack(0x000000061c100000,0x000000061c200000)]
=>0x00000176ebc0b5e0 JavaThread "C1 CompilerThread0" daemon [_thread_in_native, id=15856, stack(0x000000061c200000,0x000000061c300000)]
  0x00000176ebc23fb0 JavaThread "Sweeper thread" daemon [_thread_blocked, id=15436, stack(0x000000061c300000,0x000000061c400000)]
  0x00000176ebd4c2e0 JavaThread "Common-Cleaner" daemon [_thread_blocked, id=14920, stack(0x000000061c400000,0x000000061c500000)]
  0x00000176ebe5aab0 JavaThread "Notification Thread" daemon [_thread_blocked, id=8792, stack(0x000000061c500000,0x000000061c600000)]
  0x00000176ecae9b30 JavaThread "Active Thread: Equinox Container: 1899ab3d-cf87-4523-b89c-f8391287c507" [_thread_in_Java, id=3176, stack(0x000000061ce00000,0x000000061cf00000)]
  0x00000176ecae0a50 JavaThread "Framework Event Dispatcher: Equinox Container: 1899ab3d-cf87-4523-b89c-f8391287c507" daemon [_thread_blocked, id=6232, stack(0x000000061cf00000,0x000000061d000000)]
  0x00000176ecae1980 JavaThread "Start Level: Equinox Container: 1899ab3d-cf87-4523-b89c-f8391287c507" daemon [_thread_blocked, id=11152, stack(0x000000061d000000,0x000000061d100000)]
  0x00000176ecae1e90 JavaThread "Refresh Thread: Equinox Container: 1899ab3d-cf87-4523-b89c-f8391287c507" daemon [_thread_blocked, id=10004, stack(0x000000061d200000,0x000000061d300000)]
  0x00000176ecae2dc0 JavaThread "Bundle File Closer" daemon [_thread_blocked, id=1340, stack(0x000000061d300000,0x000000061d400000)]
  0x00000176ecae23a0 JavaThread "SCR Component Actor" daemon [_thread_blocked, id=14352, stack(0x000000061d100000,0x000000061d200000)]
  0x00000176ecae32d0 JavaThread "Worker-JM" [_thread_blocked, id=8324, stack(0x000000061d500000,0x000000061d600000)]
  0x00000176ecae37e0 JavaThread "Worker-0" [_thread_blocked, id=7036, stack(0x000000061d600000,0x000000061d700000)]
  0x00000176ecae3cf0 JavaThread "Worker-1" [_thread_blocked, id=10300, stack(0x000000061d700000,0x000000061d800000)]
  0x00000176ecae1470 JavaThread "Worker-2" [_thread_blocked, id=8168, stack(0x000000061d800000,0x000000061d900000)]
  0x00000176ec8a98f0 JavaThread "Java indexing" daemon [_thread_blocked, id=2148, stack(0x000000061d900000,0x000000061da00000)]
  0x00000176ec8a47f0 JavaThread "JNA Cleaner" daemon [_thread_blocked, id=11104, stack(0x000000061db00000,0x000000061dc00000)]
  0x00000176ec8ab240 JavaThread "pool-2-thread-1" [_thread_blocked, id=10896, stack(0x000000061de00000,0x000000061df00000)]
  0x00000176ec8a5c30 JavaThread "WorkspaceEventsHandler" [_thread_blocked, id=1496, stack(0x000000061df00000,0x000000061e000000)]
  0x00000176ec8a93e0 JavaThread "pool-1-thread-1" [_thread_blocked, id=7232, stack(0x000000061e000000,0x000000061e100000)]

Other Threads:
  0x00000176e6ad62f0 VMThread "VM Thread" [stack: 0x000000061ba00000,0x000000061bb00000] [id=5192]
  0x00000176ebe5af90 WatcherThread [stack: 0x000000061c600000,0x000000061c700000] [id=14648]
  0x00000176d0d90ef0 GCTaskThread "GC Thread#0" [stack: 0x000000061b900000,0x000000061ba00000] [id=11440]
  0x00000176ecb10120 GCTaskThread "GC Thread#1" [stack: 0x000000061c700000,0x000000061c800000] [id=9960]
  0x00000176ec771960 GCTaskThread "GC Thread#2" [stack: 0x000000061c800000,0x000000061c900000] [id=4932]
  0x00000176ec7e02a0 GCTaskThread "GC Thread#3" [stack: 0x000000061c900000,0x000000061ca00000] [id=8600]

Threads with active compile tasks:
C2 CompilerThread0    32591 4383       4       java.util.Collections$UnmodifiableMap$UnmodifiableEntrySet$1::next (5 bytes)
C1 CompilerThread0    32592 4356       3       org.eclipse.osgi.framework.util.FilePath::computeSegmentCount (90 bytes)

VM state: not at safepoint (normal execution)

VM Mutex/Monitor currently owned by a thread: None

Heap address: 0x00000000c0000000, size: 1024 MB, Compressed Oops mode: 32-bit

CDS archive(s) not mapped
Compressed class space mapped at: 0x0000000100000000-0x0000000140000000, reserved size: 1073741824
Narrow klass base: 0x0000000000000000, Narrow klass shift: 3, Narrow klass range: 0x140000000

GC Precious Log:
 CPUs: 4 total, 4 available
 Memory: 8103M
 Large Page Support: Disabled
 NUMA Support: Disabled
 Compressed Oops: Enabled (32-bit)
 Alignments: Space 512K, Generation 512K, Heap 2M
 Heap Min Capacity: 100M
 Heap Initial Capacity: 100M
 Heap Max Capacity: 1G
 Pre-touch: Disabled
 Parallel Workers: 4

Heap:
 PSYoungGen      total 23040K, used 3636K [0x00000000eab00000, 0x00000000ec700000, 0x0000000100000000)
  eden space 22016K, 11% used [0x00000000eab00000,0x00000000ead8d318,0x00000000ec080000)
  from space 1024K, 100% used [0x00000000ec600000,0x00000000ec700000,0x00000000ec700000)
  to   space 2048K, 0% used [0x00000000ec300000,0x00000000ec300000,0x00000000ec500000)
 ParOldGen       total 68608K, used 13873K [0x00000000c0000000, 0x00000000c4300000, 0x00000000eab00000)
  object space 68608K, 20% used [0x00000000c0000000,0x00000000c0d8c6f8,0x00000000c4300000)
 Metaspace       used 38168K, committed 38912K, reserved 1114112K
  class space    used 3854K, committed 4160K, reserved 1048576K

Card table byte_map: [0x00000176e4350000,0x00000176e4560000] _byte_map_base: 0x00000176e3d50000

Marking Bits: (ParMarkBitMap*) 0x00007ff979b183a0
 Begin Bits: [0x00000176e46c0000, 0x00000176e56c0000)
 End Bits:   [0x00000176e56c0000, 0x00000176e66c0000)

Polling page: 0x00000176d5140000

Metaspace:

Usage:
  Non-class:     33.51 MB used.
      Class:      3.76 MB used.
       Both:     37.27 MB used.

Virtual space:
  Non-class space:       64.00 MB reserved,      33.94 MB ( 53%) committed,  1 nodes.
      Class space:        1.00 GB reserved,       4.06 MB ( <1%) committed,  1 nodes.
             Both:        1.06 GB reserved,      38.00 MB (  3%) committed. 

Chunk freelists:
   Non-Class:  14.02 MB
       Class:  11.94 MB
        Both:  25.95 MB

MaxMetaspaceSize: unlimited
CompressedClassSpaceSize: 1.00 GB
Initial GC threshold: 21.00 MB
Current GC threshold: 58.38 MB
CDS: off
MetaspaceReclaimPolicy: balanced
 - commit_granule_bytes: 65536.
 - commit_granule_words: 8192.
 - virtual_space_node_default_size: 8388608.
 - enlarge_chunks_in_place: 1.
 - new_chunks_are_fully_committed: 0.
 - uncommit_free_chunks: 1.
 - use_allocation_guard: 0.
 - handle_deallocations: 1.


Internal statistics:

num_allocs_failed_limit: 6.
num_arena_births: 372.
num_arena_deaths: 14.
num_vsnodes_births: 2.
num_vsnodes_deaths: 0.
num_space_committed: 608.
num_space_uncommitted: 0.
num_chunks_returned_to_freelist: 20.
num_chunks_taken_from_freelist: 1543.
num_chunk_merges: 12.
num_chunk_splits: 1022.
num_chunks_enlarged: 703.
num_inconsistent_stats: 0.

CodeHeap 'non-profiled nmethods': size=120000Kb used=1919Kb max_used=1919Kb free=118080Kb
 bounds [0x00000176dcc30000, 0x00000176dcea0000, 0x00000176e4160000]
CodeHeap 'profiled nmethods': size=120000Kb used=9726Kb max_used=9726Kb free=110273Kb
 bounds [0x00000176d5160000, 0x00000176d5ae0000, 0x00000176dc690000]
CodeHeap 'non-nmethods': size=5760Kb used=1267Kb max_used=1298Kb free=4492Kb
 bounds [0x00000176dc690000, 0x00000176dc900000, 0x00000176dcc30000]
 total_blobs=4946 nmethods=4357 adapters=503
 compilation: enabled
              stopped_count=0, restarted_count=0
 full_count=0

Compilation events (20 events):
Event: 11.375 Thread 0x00000176ebc0b5e0 4347       3       java.util.Collections$SetFromMap::<init> (39 bytes)
Event: 11.376 Thread 0x00000176ebc0b5e0 nmethod 4347 0x00000176d5adce10 code [0x00000176d5add000, 0x00000176d5add4e8]
Event: 11.379 Thread 0x00000176ebc0b5e0 4348       3       java.util.regex.Pattern$Node::<init> (12 bytes)
Event: 11.379 Thread 0x00000176ebc0b5e0 nmethod 4348 0x00000176d5add690 code [0x00000176d5add820, 0x00000176d5add9b8]
Event: 11.379 Thread 0x00000176eda07030 nmethod 4336 0x00000176dce0dd90 code [0x00000176dce0df40, 0x00000176dce0e268]
Event: 11.379 Thread 0x00000176ebc0b5e0 4349       3       java.util.regex.Matcher::start (65 bytes)
Event: 11.380 Thread 0x00000176eda07030 4350       4       java.lang.AbstractStringBuilder::getCoder (15 bytes)
Event: 11.380 Thread 0x00000176eda07030 nmethod 4350 0x00000176dce0e590 code [0x00000176dce0e700, 0x00000176dce0e778]
Event: 11.381 Thread 0x00000176ebc0b5e0 nmethod 4349 0x00000176d5adda90 code [0x00000176d5addce0, 0x00000176d5ade528]
Event: 11.382 Thread 0x00000176ebc0b5e0 4351       3       java.util.regex.ASCII::isDigit (18 bytes)
Event: 11.382 Thread 0x00000176ebc0b5e0 nmethod 4351 0x00000176d5ade890 code [0x00000176d5adea20, 0x00000176d5adeb78]
Event: 11.382 Thread 0x00000176ebc0b5e0 4354       3       java.util.regex.Matcher::getTextLength (10 bytes)
Event: 11.382 Thread 0x00000176ebc0b5e0 nmethod 4354 0x00000176d5adec10 code [0x00000176d5adedc0, 0x00000176d5adef88]
Event: 11.382 Thread 0x00000176ebc0b5e0 4352       3       java.util.regex.CharPredicates$$Lambda$26/0x00000001000b8b30::is (5 bytes)
Event: 11.382 Thread 0x00000176ebc06f20 nmethod 4344 0x00000176dce0e890 code [0x00000176dce0ea20, 0x00000176dce0eed8]
Event: 11.383 Thread 0x00000176ebc0b5e0 nmethod 4352 0x00000176d5adf090 code [0x00000176d5adf240, 0x00000176d5adf518]
Event: 11.383 Thread 0x00000176ebc0b5e0 4353       3       java.util.regex.CharPredicates::lambda$ASCII_DIGIT$18 (20 bytes)
Event: 11.383 Thread 0x00000176ebc0b5e0 nmethod 4353 0x00000176d5adf610 code [0x00000176d5adf7c0, 0x00000176d5adfa18]
Event: 32.479 Thread 0x00000176ebc06f20 4355       4       org.eclipse.osgi.container.ModuleDatabase$2::compare (13 bytes)
Event: 32.480 Thread 0x00000176ebc0b5e0 4356       3       org.eclipse.osgi.framework.util.FilePath::computeSegmentCount (90 bytes)

GC Heap History (20 events):
Event: 6.595 GC heap before
{Heap before GC invocations=5 (full 0):
 PSYoungGen      total 29696K, used 29675K [0x00000000eab00000, 0x00000000ecc00000, 0x0000000100000000)
  eden space 25600K, 100% used [0x00000000eab00000,0x00000000ec400000,0x00000000ec400000)
  from space 4096K, 99% used [0x00000000ec800000,0x00000000ecbfacd8,0x00000000ecc00000)
  to   space 4096K, 0% used [0x00000000ec400000,0x00000000ec400000,0x00000000ec800000)
 ParOldGen       total 68608K, used 9669K [0x00000000c0000000, 0x00000000c4300000, 0x00000000eab00000)
  object space 68608K, 14% used [0x00000000c0000000,0x00000000c0971648,0x00000000c4300000)
 Metaspace       used 19553K, committed 19968K, reserved 1114112K
  class space    used 1986K, committed 2176K, reserved 1048576K
}
Event: 6.603 GC heap after
{Heap after GC invocations=5 (full 0):
 PSYoungGen      total 29184K, used 4067K [0x00000000eab00000, 0x00000000ece80000, 0x0000000100000000)
  eden space 25088K, 0% used [0x00000000eab00000,0x00000000eab00000,0x00000000ec380000)
  from space 4096K, 99% used [0x00000000ec400000,0x00000000ec7f8c90,0x00000000ec800000)
  to   space 5632K, 0% used [0x00000000ec900000,0x00000000ec900000,0x00000000ece80000)
 ParOldGen       total 68608K, used 9914K [0x00000000c0000000, 0x00000000c4300000, 0x00000000eab00000)
  object space 68608K, 14% used [0x00000000c0000000,0x00000000c09ae930,0x00000000c4300000)
 Metaspace       used 19553K, committed 19968K, reserved 1114112K
  class space    used 1986K, committed 2176K, reserved 1048576K
}
Event: 7.228 GC heap before
{Heap before GC invocations=6 (full 0):
 PSYoungGen      total 29184K, used 16748K [0x00000000eab00000, 0x00000000ece80000, 0x0000000100000000)
  eden space 25088K, 50% used [0x00000000eab00000,0x00000000eb762450,0x00000000ec380000)
  from space 4096K, 99% used [0x00000000ec400000,0x00000000ec7f8c90,0x00000000ec800000)
  to   space 5632K, 0% used [0x00000000ec900000,0x00000000ec900000,0x00000000ece80000)
 ParOldGen       total 68608K, used 9914K [0x00000000c0000000, 0x00000000c4300000, 0x00000000eab00000)
  object space 68608K, 14% used [0x00000000c0000000,0x00000000c09ae930,0x00000000c4300000)
 Metaspace       used 21093K, committed 21504K, reserved 1114112K
  class space    used 2115K, committed 2304K, reserved 1048576K
}
Event: 7.238 GC heap after
{Heap after GC invocations=6 (full 0):
 PSYoungGen      total 30208K, used 5432K [0x00000000eab00000, 0x00000000ecf80000, 0x0000000100000000)
  eden space 24576K, 0% used [0x00000000eab00000,0x00000000eab00000,0x00000000ec300000)
  from space 5632K, 96% used [0x00000000ec900000,0x00000000ece4e378,0x00000000ece80000)
  to   space 6144K, 0% used [0x00000000ec300000,0x00000000ec300000,0x00000000ec900000)
 ParOldGen       total 68608K, used 9922K [0x00000000c0000000, 0x00000000c4300000, 0x00000000eab00000)
  object space 68608K, 14% used [0x00000000c0000000,0x00000000c09b0930,0x00000000c4300000)
 Metaspace       used 21093K, committed 21504K, reserved 1114112K
  class space    used 2115K, committed 2304K, reserved 1048576K
}
Event: 7.238 GC heap before
{Heap before GC invocations=7 (full 1):
 PSYoungGen      total 30208K, used 5432K [0x00000000eab00000, 0x00000000ecf80000, 0x0000000100000000)
  eden space 24576K, 0% used [0x00000000eab00000,0x00000000eab00000,0x00000000ec300000)
  from space 5632K, 96% used [0x00000000ec900000,0x00000000ece4e378,0x00000000ece80000)
  to   space 6144K, 0% used [0x00000000ec300000,0x00000000ec300000,0x00000000ec900000)
 ParOldGen       total 68608K, used 9922K [0x00000000c0000000, 0x00000000c4300000, 0x00000000eab00000)
  object space 68608K, 14% used [0x00000000c0000000,0x00000000c09b0930,0x00000000c4300000)
 Metaspace       used 21093K, committed 21504K, reserved 1114112K
  class space    used 2115K, committed 2304K, reserved 1048576K
}
Event: 7.289 GC heap after
{Heap after GC invocations=7 (full 1):
 PSYoungGen      total 30208K, used 0K [0x00000000eab00000, 0x00000000ecf80000, 0x0000000100000000)
  eden space 24576K, 0% used [0x00000000eab00000,0x00000000eab00000,0x00000000ec300000)
  from space 5632K, 0% used [0x00000000ec900000,0x00000000ec900000,0x00000000ece80000)
  to   space 6144K, 0% used [0x00000000ec300000,0x00000000ec300000,0x00000000ec900000)
 ParOldGen       total 68608K, used 11066K [0x00000000c0000000, 0x00000000c4300000, 0x00000000eab00000)
  object space 68608K, 16% used [0x00000000c0000000,0x00000000c0ace950,0x00000000c4300000)
 Metaspace       used 21093K, committed 21504K, reserved 1114112K
  class space    used 2115K, committed 2304K, reserved 1048576K
}
Event: 8.128 GC heap before
{Heap before GC invocations=8 (full 1):
 PSYoungGen      total 30208K, used 24576K [0x00000000eab00000, 0x00000000ecf80000, 0x0000000100000000)
  eden space 24576K, 100% used [0x00000000eab00000,0x00000000ec300000,0x00000000ec300000)
  from space 5632K, 0% used [0x00000000ec900000,0x00000000ec900000,0x00000000ece80000)
  to   space 6144K, 0% used [0x00000000ec300000,0x00000000ec300000,0x00000000ec900000)
 ParOldGen       total 68608K, used 11066K [0x00000000c0000000, 0x00000000c4300000, 0x00000000eab00000)
  object space 68608K, 16% used [0x00000000c0000000,0x00000000c0ace950,0x00000000c4300000)
 Metaspace       used 24645K, committed 25152K, reserved 1114112K
  class space    used 2489K, committed 2688K, reserved 1048576K
}
Event: 8.132 GC heap after
{Heap after GC invocations=8 (full 1):
 PSYoungGen      total 25088K, used 800K [0x00000000eab00000, 0x00000000ec980000, 0x0000000100000000)
  eden space 24064K, 0% used [0x00000000eab00000,0x00000000eab00000,0x00000000ec280000)
  from space 1024K, 78% used [0x00000000ec300000,0x00000000ec3c8000,0x00000000ec400000)
  to   space 2560K, 0% used [0x00000000ec700000,0x00000000ec700000,0x00000000ec980000)
 ParOldGen       total 68608K, used 11074K [0x00000000c0000000, 0x00000000c4300000, 0x00000000eab00000)
  object space 68608K, 16% used [0x00000000c0000000,0x00000000c0ad0950,0x00000000c4300000)
 Metaspace       used 24645K, committed 25152K, reserved 1114112K
  class space    used 2489K, committed 2688K, reserved 1048576K
}
Event: 8.485 GC heap before
{Heap before GC invocations=9 (full 1):
 PSYoungGen      total 25088K, used 24864K [0x00000000eab00000, 0x00000000ec980000, 0x0000000100000000)
  eden space 24064K, 100% used [0x00000000eab00000,0x00000000ec280000,0x00000000ec280000)
  from space 1024K, 78% used [0x00000000ec300000,0x00000000ec3c8000,0x00000000ec400000)
  to   space 2560K, 0% used [0x00000000ec700000,0x00000000ec700000,0x00000000ec980000)
 ParOldGen       total 68608K, used 11074K [0x00000000c0000000, 0x00000000c4300000, 0x00000000eab00000)
  object space 68608K, 16% used [0x00000000c0000000,0x00000000c0ad0950,0x00000000c4300000)
 Metaspace       used 26945K, committed 27520K, reserved 1114112K
  class space    used 2649K, committed 2880K, reserved 1048576K
}
Event: 8.487 GC heap after
{Heap after GC invocations=9 (full 1):
 PSYoungGen      total 24576K, used 978K [0x00000000eab00000, 0x00000000ec800000, 0x0000000100000000)
  eden space 23552K, 0% used [0x00000000eab00000,0x00000000eab00000,0x00000000ec200000)
  from space 1024K, 95% used [0x00000000ec700000,0x00000000ec7f4b68,0x00000000ec800000)
  to   space 1536K, 0% used [0x00000000ec500000,0x00000000ec500000,0x00000000ec680000)
 ParOldGen       total 68608K, used 11074K [0x00000000c0000000, 0x00000000c4300000, 0x00000000eab00000)
  object space 68608K, 16% used [0x00000000c0000000,0x00000000c0ad0950,0x00000000c4300000)
 Metaspace       used 26945K, committed 27520K, reserved 1114112K
  class space    used 2649K, committed 2880K, reserved 1048576K
}
Event: 8.902 GC heap before
{Heap before GC invocations=10 (full 1):
 PSYoungGen      total 24576K, used 24530K [0x00000000eab00000, 0x00000000ec800000, 0x0000000100000000)
  eden space 23552K, 100% used [0x00000000eab00000,0x00000000ec200000,0x00000000ec200000)
  from space 1024K, 95% used [0x00000000ec700000,0x00000000ec7f4b68,0x00000000ec800000)
  to   space 1536K, 0% used [0x00000000ec500000,0x00000000ec500000,0x00000000ec680000)
 ParOldGen       total 68608K, used 11074K [0x00000000c0000000, 0x00000000c4300000, 0x00000000eab00000)
  object space 68608K, 16% used [0x00000000c0000000,0x00000000c0ad0950,0x00000000c4300000)
 Metaspace       used 30364K, committed 30912K, reserved 1114112K
  class space    used 2903K, committed 3136K, reserved 1048576K
}
Event: 8.904 GC heap after
{Heap after GC invocations=10 (full 1):
 PSYoungGen      total 24576K, used 1243K [0x00000000eab00000, 0x00000000ec780000, 0x0000000100000000)
  eden space 23040K, 0% used [0x00000000eab00000,0x00000000eab00000,0x00000000ec180000)
  from space 1536K, 80% used [0x00000000ec500000,0x00000000ec636f38,0x00000000ec680000)
  to   space 1024K, 0% used [0x00000000ec680000,0x00000000ec680000,0x00000000ec780000)
 ParOldGen       total 68608K, used 11074K [0x00000000c0000000, 0x00000000c4300000, 0x00000000eab00000)
  object space 68608K, 16% used [0x00000000c0000000,0x00000000c0ad0950,0x00000000c4300000)
 Metaspace       used 30364K, committed 30912K, reserved 1114112K
  class space    used 2903K, committed 3136K, reserved 1048576K
}
Event: 9.905 GC heap before
{Heap before GC invocations=11 (full 1):
 PSYoungGen      total 24576K, used 24283K [0x00000000eab00000, 0x00000000ec780000, 0x0000000100000000)
  eden space 23040K, 100% used [0x00000000eab00000,0x00000000ec180000,0x00000000ec180000)
  from space 1536K, 80% used [0x00000000ec500000,0x00000000ec636f38,0x00000000ec680000)
  to   space 1024K, 0% used [0x00000000ec680000,0x00000000ec680000,0x00000000ec780000)
 ParOldGen       total 68608K, used 11074K [0x00000000c0000000, 0x00000000c4300000, 0x00000000eab00000)
  object space 68608K, 16% used [0x00000000c0000000,0x00000000c0ad0950,0x00000000c4300000)
 Metaspace       used 33510K, committed 34176K, reserved 1114112K
  class space    used 3258K, committed 3520K, reserved 1048576K
}
Event: 9.908 GC heap after
{Heap after GC invocations=11 (full 1):
 PSYoungGen      total 23552K, used 1019K [0x00000000eab00000, 0x00000000ec780000, 0x0000000100000000)
  eden space 22528K, 0% used [0x00000000eab00000,0x00000000eab00000,0x00000000ec100000)
  from space 1024K, 99% used [0x00000000ec680000,0x00000000ec77ef38,0x00000000ec780000)
  to   space 1536K, 0% used [0x00000000ec480000,0x00000000ec480000,0x00000000ec600000)
 ParOldGen       total 68608K, used 11960K [0x00000000c0000000, 0x00000000c4300000, 0x00000000eab00000)
  object space 68608K, 17% used [0x00000000c0000000,0x00000000c0bae1c8,0x00000000c4300000)
 Metaspace       used 33510K, committed 34176K, reserved 1114112K
  class space    used 3258K, committed 3520K, reserved 1048576K
}
Event: 10.412 GC heap before
{Heap before GC invocations=12 (full 1):
 PSYoungGen      total 23552K, used 11883K [0x00000000eab00000, 0x00000000ec780000, 0x0000000100000000)
  eden space 22528K, 48% used [0x00000000eab00000,0x00000000eb59c0c0,0x00000000ec100000)
  from space 1024K, 99% used [0x00000000ec680000,0x00000000ec77ef38,0x00000000ec780000)
  to   space 1536K, 0% used [0x00000000ec480000,0x00000000ec480000,0x00000000ec600000)
 ParOldGen       total 68608K, used 11960K [0x00000000c0000000, 0x00000000c4300000, 0x00000000eab00000)
  object space 68608K, 17% used [0x00000000c0000000,0x00000000c0bae1c8,0x00000000c4300000)
 Metaspace       used 35121K, committed 35840K, reserved 1114112K
  class space    used 3452K, committed 3776K, reserved 1048576K
}
Event: 10.417 GC heap after
{Heap after GC invocations=12 (full 1):
 PSYoungGen      total 24064K, used 768K [0x00000000eab00000, 0x00000000ec700000, 0x0000000100000000)
  eden space 22528K, 0% used [0x00000000eab00000,0x00000000eab00000,0x00000000ec100000)
  from space 1536K, 50% used [0x00000000ec480000,0x00000000ec540000,0x00000000ec600000)
  to   space 1024K, 0% used [0x00000000ec600000,0x00000000ec600000,0x00000000ec700000)
 ParOldGen       total 68608K, used 12917K [0x00000000c0000000, 0x00000000c4300000, 0x00000000eab00000)
  object space 68608K, 18% used [0x00000000c0000000,0x00000000c0c9d4f8,0x00000000c4300000)
 Metaspace       used 35121K, committed 35840K, reserved 1114112K
  class space    used 3452K, committed 3776K, reserved 1048576K
}
Event: 10.417 GC heap before
{Heap before GC invocations=13 (full 2):
 PSYoungGen      total 24064K, used 768K [0x00000000eab00000, 0x00000000ec700000, 0x0000000100000000)
  eden space 22528K, 0% used [0x00000000eab00000,0x00000000eab00000,0x00000000ec100000)
  from space 1536K, 50% used [0x00000000ec480000,0x00000000ec540000,0x00000000ec600000)
  to   space 1024K, 0% used [0x00000000ec600000,0x00000000ec600000,0x00000000ec700000)
 ParOldGen       total 68608K, used 12917K [0x00000000c0000000, 0x00000000c4300000, 0x00000000eab00000)
  object space 68608K, 18% used [0x00000000c0000000,0x00000000c0c9d4f8,0x00000000c4300000)
 Metaspace       used 35121K, committed 35840K, reserved 1114112K
  class space    used 3452K, committed 3776K, reserved 1048576K
}
Event: 10.498 GC heap after
{Heap after GC invocations=13 (full 2):
 PSYoungGen      total 24064K, used 0K [0x00000000eab00000, 0x00000000ec700000, 0x0000000100000000)
  eden space 22528K, 0% used [0x00000000eab00000,0x00000000eab00000,0x00000000ec100000)
  from space 1536K, 0% used [0x00000000ec480000,0x00000000ec480000,0x00000000ec600000)
  to   space 1024K, 0% used [0x00000000ec600000,0x00000000ec600000,0x00000000ec700000)
 ParOldGen       total 68608K, used 13371K [0x00000000c0000000, 0x00000000c4300000, 0x00000000eab00000)
  object space 68608K, 19% used [0x00000000c0000000,0x00000000c0d0ed50,0x00000000c4300000)
 Metaspace       used 35107K, committed 35840K, reserved 1114112K
  class space    used 3448K, committed 3776K, reserved 1048576K
}
Event: 11.320 GC heap before
{Heap before GC invocations=14 (full 2):
 PSYoungGen      total 24064K, used 22528K [0x00000000eab00000, 0x00000000ec700000, 0x0000000100000000)
  eden space 22528K, 100% used [0x00000000eab00000,0x00000000ec100000,0x00000000ec100000)
  from space 1536K, 0% used [0x00000000ec480000,0x00000000ec480000,0x00000000ec600000)
  to   space 1024K, 0% used [0x00000000ec600000,0x00000000ec600000,0x00000000ec700000)
 ParOldGen       total 68608K, used 13371K [0x00000000c0000000, 0x00000000c4300000, 0x00000000eab00000)
  object space 68608K, 19% used [0x00000000c0000000,0x00000000c0d0ed50,0x00000000c4300000)
 Metaspace       used 38066K, committed 38912K, reserved 1114112K
  class space    used 3848K, committed 4160K, reserved 1048576K
}
Event: 11.324 GC heap after
{Heap after GC invocations=14 (full 2):
 PSYoungGen      total 23040K, used 1024K [0x00000000eab00000, 0x00000000ec700000, 0x0000000100000000)
  eden space 22016K, 0% used [0x00000000eab00000,0x00000000eab00000,0x00000000ec080000)
  from space 1024K, 100% used [0x00000000ec600000,0x00000000ec700000,0x00000000ec700000)
  to   space 2048K, 0% used [0x00000000ec300000,0x00000000ec300000,0x00000000ec500000)
 ParOldGen       total 68608K, used 13873K [0x00000000c0000000, 0x00000000c4300000, 0x00000000eab00000)
  object space 68608K, 20% used [0x00000000c0000000,0x00000000c0d8c6f8,0x00000000c4300000)
 Metaspace       used 38066K, committed 38912K, reserved 1114112K
  class space    used 3848K, committed 4160K, reserved 1048576K
}

Dll operation events (12 events):
Event: 0.020 Loaded shared library c:\Users\dayan\.vscode\extensions\redhat.java-1.22.1-win32-x64\jre\17.0.8.1-win32-x86_64\bin\java.dll
Event: 0.402 Loaded shared library c:\Users\dayan\.vscode\extensions\redhat.java-1.22.1-win32-x64\jre\17.0.8.1-win32-x86_64\bin\zip.dll
Event: 0.410 Loaded shared library C:\Users\dayan\.vscode\extensions\redhat.java-1.22.1-win32-x64\jre\17.0.8.1-win32-x86_64\bin\instrument.dll
Event: 0.450 Loaded shared library C:\Users\dayan\.vscode\extensions\redhat.java-1.22.1-win32-x64\jre\17.0.8.1-win32-x86_64\bin\net.dll
Event: 0.455 Loaded shared library C:\Users\dayan\.vscode\extensions\redhat.java-1.22.1-win32-x64\jre\17.0.8.1-win32-x86_64\bin\nio.dll
Event: 0.476 Loaded shared library C:\Users\dayan\.vscode\extensions\redhat.java-1.22.1-win32-x64\jre\17.0.8.1-win32-x86_64\bin\zip.dll
Event: 0.512 Loaded shared library C:\Users\dayan\.vscode\extensions\redhat.java-1.22.1-win32-x64\jre\17.0.8.1-win32-x86_64\bin\jimage.dll
Event: 0.636 Loaded shared library c:\Users\dayan\.vscode\extensions\redhat.java-1.22.1-win32-x64\jre\17.0.8.1-win32-x86_64\bin\verify.dll
Event: 3.309 Loading shared library C:\Users\dayan\AppData\Roaming\Code\User\globalStorage\redhat.java\1.22.1\config_win\org.eclipse.equinox.launcher\org.eclipse.equinox.launcher.win32.win32.x86_64_1.2.700.v20221108-1024\eclipse_11801.dll failed, error code 193
Event: 7.553 Loaded shared library C:\Users\dayan\.vscode\extensions\redhat.java-1.22.1-win32-x64\jre\17.0.8.1-win32-x86_64\bin\management.dll
Event: 7.559 Loaded shared library C:\Users\dayan\.vscode\extensions\redhat.java-1.22.1-win32-x64\jre\17.0.8.1-win32-x86_64\bin\management_ext.dll
Event: 9.739 Loaded shared library C:\Users\dayan\AppData\Local\Temp\jna-95361225\jna10240823827263977273.dll

Deoptimization events (20 events):
Event: 10.794 Thread 0x00000176d0d7b8a0 Uncommon trap: trap_request=0xffffff45 fr.pc=0x00000176dcc69344 relative=0x0000000000000324
Event: 10.794 Thread 0x00000176d0d7b8a0 Uncommon trap: reason=unstable_if action=reinterpret pc=0x00000176dcc69344 method=java.lang.AbstractStringBuilder.isLatin1()Z @ 10 c2
Event: 10.794 Thread 0x00000176d0d7b8a0 DEOPT PACKING pc=0x00000176dcc69344 sp=0x000000061b8fd9e0
Event: 10.794 Thread 0x00000176d0d7b8a0 DEOPT UNPACKING pc=0x00000176dc6e66a3 sp=0x000000061b8fd960 mode 2
Event: 10.794 Thread 0x00000176d0d7b8a0 Uncommon trap: trap_request=0xffffff45 fr.pc=0x00000176dcc6be5c relative=0x000000000000005c
Event: 10.794 Thread 0x00000176d0d7b8a0 Uncommon trap: reason=unstable_if action=reinterpret pc=0x00000176dcc6be5c method=java.lang.AbstractStringBuilder.isLatin1()Z @ 10 c2
Event: 10.794 Thread 0x00000176d0d7b8a0 DEOPT PACKING pc=0x00000176dcc6be5c sp=0x000000061b8fd9c0
Event: 10.794 Thread 0x00000176d0d7b8a0 DEOPT UNPACKING pc=0x00000176dc6e66a3 sp=0x000000061b8fd950 mode 2
Event: 10.814 Thread 0x00000176d0d7b8a0 Uncommon trap: trap_request=0xffffff45 fr.pc=0x00000176dcd458dc relative=0x000000000000033c
Event: 10.814 Thread 0x00000176d0d7b8a0 Uncommon trap: reason=unstable_if action=reinterpret pc=0x00000176dcd458dc method=java.lang.StackTraceElement.computeFormat()V @ 22 c2
Event: 10.814 Thread 0x00000176d0d7b8a0 DEOPT PACKING pc=0x00000176dcd458dc sp=0x000000061b8fdc20
Event: 10.814 Thread 0x00000176d0d7b8a0 DEOPT UNPACKING pc=0x00000176dc6e66a3 sp=0x000000061b8fdbb0 mode 2
Event: 11.071 Thread 0x00000176ecae1470 Uncommon trap: trap_request=0xffffff45 fr.pc=0x00000176dcde90c8 relative=0x0000000000000428
Event: 11.071 Thread 0x00000176ecae1470 Uncommon trap: reason=unstable_if action=reinterpret pc=0x00000176dcde90c8 method=java.util.concurrent.locks.ReentrantLock$Sync.lock()V @ 4 c2
Event: 11.071 Thread 0x00000176ecae1470 DEOPT PACKING pc=0x00000176dcde90c8 sp=0x000000061d8fd320
Event: 11.071 Thread 0x00000176ecae1470 DEOPT UNPACKING pc=0x00000176dc6e66a3 sp=0x000000061d8fd220 mode 2
Event: 11.220 Thread 0x00000176ec8a93e0 Uncommon trap: trap_request=0xffffff45 fr.pc=0x00000176dcd9758c relative=0x00000000000001ec
Event: 11.220 Thread 0x00000176ec8a93e0 Uncommon trap: reason=unstable_if action=reinterpret pc=0x00000176dcd9758c method=java.net.URI$Parser.scan(IIJJ)I @ 42 c2
Event: 11.220 Thread 0x00000176ec8a93e0 DEOPT PACKING pc=0x00000176dcd9758c sp=0x000000061e0fdd60
Event: 11.220 Thread 0x00000176ec8a93e0 DEOPT UNPACKING pc=0x00000176dc6e66a3 sp=0x000000061e0fdce0 mode 2

Classes unloaded (7 events):
Event: 10.431 Thread 0x00000176e6ad62f0 Unloading class 0x0000000100261c00 'java/lang/invoke/LambdaForm$MH+0x0000000100261c00'
Event: 10.431 Thread 0x00000176e6ad62f0 Unloading class 0x0000000100261800 'java/lang/invoke/LambdaForm$MH+0x0000000100261800'
Event: 10.431 Thread 0x00000176e6ad62f0 Unloading class 0x0000000100261400 'java/lang/invoke/LambdaForm$MH+0x0000000100261400'
Event: 10.431 Thread 0x00000176e6ad62f0 Unloading class 0x0000000100261000 'java/lang/invoke/LambdaForm$MH+0x0000000100261000'
Event: 10.431 Thread 0x00000176e6ad62f0 Unloading class 0x0000000100260c00 'java/lang/invoke/LambdaForm$BMH+0x0000000100260c00'
Event: 10.431 Thread 0x00000176e6ad62f0 Unloading class 0x0000000100260800 'java/lang/invoke/LambdaForm$DMH+0x0000000100260800'
Event: 10.431 Thread 0x00000176e6ad62f0 Unloading class 0x000000010025e000 'java/lang/invoke/LambdaForm$DMH+0x000000010025e000'

Classes redefined (0 events):
No events

Internal exceptions (20 events):
Event: 9.917 Thread 0x00000176d0d7b8a0 Exception <a 'sun/nio/fs/WindowsException'{0x00000000eab32f68}> (0x00000000eab32f68) 
thrown [s\src\hotspot\share\prims\jni.cpp, line 516]
Event: 9.954 Thread 0x00000176d0d7b8a0 Exception <a 'sun/nio/fs/WindowsException'{0x00000000eac07a58}> (0x00000000eac07a58) 
thrown [s\src\hotspot\share\prims\jni.cpp, line 516]
Event: 9.954 Thread 0x00000176d0d7b8a0 Exception <a 'sun/nio/fs/WindowsException'{0x00000000eac08028}> (0x00000000eac08028) 
thrown [s\src\hotspot\share\prims\jni.cpp, line 516]
Event: 10.057 Thread 0x00000176d0d7b8a0 Exception <a 'java/io/FileNotFoundException'{0x00000000eae3e030}> (0x00000000eae3e030) 
thrown [s\src\hotspot\share\prims\jni.cpp, line 516]
Event: 10.149 Thread 0x00000176d0d7b8a0 Exception <a 'java/lang/NoSuchMethodError'{0x00000000eb0405e0}: 'java.lang.Object java.lang.invoke.DirectMethodHandle$Holder.invokeStatic(java.lang.Object, java.lang.Object, long, java.lang.Object)'> (0x00000000eb0405e0) 
thrown [s\src\hotspot\share\interpreter\linkResolver.cpp, line 759]
Event: 10.150 Thread 0x00000176d0d7b8a0 Exception <a 'java/lang/NoSuchMethodError'{0x00000000eb044078}: 'java.lang.Object java.lang.invoke.DirectMethodHandle$Holder.invokeStaticInit(java.lang.Object, java.lang.Object, long, java.lang.Object)'> (0x00000000eb044078) 
thrown [s\src\hotspot\share\interpreter\linkResolver.cpp, line 759]
Event: 10.152 Thread 0x00000176d0d7b8a0 Exception <a 'java/lang/NoSuchMethodError'{0x00000000eb04ab38}: 'java.lang.Object java.lang.invoke.DirectMethodHandle$Holder.newInvokeSpecial(java.lang.Object, java.lang.Object, long)'> (0x00000000eb04ab38) 
thrown [s\src\hotspot\share\interpreter\linkResolver.cpp, line 759]
Event: 10.243 Thread 0x00000176d0d7b8a0 Exception <a 'java/lang/NoSuchMethodError'{0x00000000eb1fe0f0}: 'void java.lang.invoke.DirectMethodHandle$Holder.invokeStatic(java.lang.Object, java.lang.Object, java.lang.Object, java.lang.Object)'> (0x00000000eb1fe0f0) 
thrown [s\src\hotspot\share\interpreter\linkResolver.cpp, line 759]
Event: 10.736 Thread 0x00000176d0d7b8a0 Exception <a 'java/lang/NoSuchMethodError'{0x00000000eb1d6168}: 'void java.lang.invoke.DirectMethodHandle$Holder.invokeSpecial(java.lang.Object, java.lang.Object, java.lang.Object, java.lang.Object, java.lang.Object, java.lang.Object)'> (0x00000000eb1d6168) 
thrown [s\src\hotspot\share\interpreter\linkResolver.cpp, line 759]
Event: 10.738 Thread 0x00000176d0d7b8a0 Exception <a 'java/lang/IncompatibleClassChangeError'{0x00000000eb1dfea8}: Found class java.lang.Object, but interface was expected> (0x00000000eb1dfea8) 
thrown [s\src\hotspot\share\interpreter\linkResolver.cpp, line 826]
Event: 10.814 Thread 0x00000176d0d7b8a0 Exception <a 'java/lang/UnsatisfiedLinkError'{0x00000000eb3a8b28}: 'void org.eclipse.equinox.launcher.JNIBridge._takedown_splash()'> (0x00000000eb3a8b28) 
thrown [s\src\hotspot\share\prims\nativeLookup.cpp, line 543]
Event: 11.246 Thread 0x00000176ec8a93e0 Exception <a 'java/io/FileNotFoundException'{0x00000000ebf369d8}> (0x00000000ebf369d8) 
thrown [s\src\hotspot\share\prims\jni.cpp, line 516]
Event: 11.343 Thread 0x00000176ec8a93e0 Exception <a 'java/lang/NoClassDefFoundError'{0x00000000eab27920}: org/codehaus/plexus/component/configurator/converters/lookup/ConverterLookup> (0x00000000eab27920) 
thrown [s\src\hotspot\share\classfile\systemDictionary.cpp, line 245]
Event: 11.350 Thread 0x00000176ec8a93e0 Exception <a 'java/lang/NoClassDefFoundError'{0x00000000eab4d278}: org/codehaus/plexus/component/configurator/converters/lookup/ConverterLookup> (0x00000000eab4d278) 
thrown [s\src\hotspot\share\classfile\systemDictionary.cpp, line 245]
Event: 11.358 Thread 0x00000176ec8a93e0 Exception <a 'java/lang/NoClassDefFoundError'{0x00000000eab72160}: org/codehaus/plexus/component/configurator/converters/lookup/ConverterLookup> (0x00000000eab72160) 
thrown [s\src\hotspot\share\classfile\systemDictionary.cpp, line 245]
Event: 11.367 Thread 0x00000176ec8a93e0 Exception <a 'java/lang/NullPointerException'{0x00000000eabbd3b0}> (0x00000000eabbd3b0) 
thrown [s\src\hotspot\share\interpreter\linkResolver.cpp, line 1433]
Event: 11.367 Thread 0x00000176ec8a93e0 Exception <a 'java/lang/reflect/InvocationTargetException'{0x00000000eabbd688}> (0x00000000eabbd688) 
thrown [s\src\hotspot\share\runtime\reflection.cpp, line 1121]
Event: 11.385 Thread 0x00000176ec8a93e0 Exception <a 'java/io/IOException'{0x00000000eac04430}> (0x00000000eac04430) 
thrown [s\src\hotspot\share\prims\jni.cpp, line 516]
Event: 11.385 Thread 0x00000176ec8a93e0 Exception <a 'java/io/IOException'{0x00000000eac04748}> (0x00000000eac04748) 
thrown [s\src\hotspot\share\prims\jni.cpp, line 516]
Event: 11.385 Thread 0x00000176ec8a93e0 Exception <a 'java/io/IOException'{0x00000000eac04a60}> (0x00000000eac04a60) 
thrown [s\src\hotspot\share\prims\jni.cpp, line 516]

VM Operations (20 events):
Event: 9.332 Executing VM operation: HandshakeAllThreads
Event: 9.332 Executing VM operation: HandshakeAllThreads done
Event: 9.385 Executing VM operation: HandshakeAllThreads
Event: 9.386 Executing VM operation: HandshakeAllThreads done
Event: 9.506 Executing VM operation: HandshakeAllThreads
Event: 9.506 Executing VM operation: HandshakeAllThreads done
Event: 9.786 Executing VM operation: HandshakeAllThreads
Event: 9.786 Executing VM operation: HandshakeAllThreads done
Event: 9.904 Executing VM operation: ParallelGCFailedAllocation
Event: 9.909 Executing VM operation: ParallelGCFailedAllocation done
Event: 10.412 Executing VM operation: CollectForMetadataAllocation
Event: 10.498 Executing VM operation: CollectForMetadataAllocation done
Event: 11.198 Executing VM operation: HandshakeAllThreads
Event: 11.198 Executing VM operation: HandshakeAllThreads done
Event: 11.320 Executing VM operation: ParallelGCFailedAllocation
Event: 11.324 Executing VM operation: ParallelGCFailedAllocation done
Event: 12.338 Executing VM operation: Cleanup
Event: 12.338 Executing VM operation: Cleanup done
Event: 13.338 Executing VM operation: Cleanup
Event: 13.338 Executing VM operation: Cleanup done

Events (20 events):
Event: 11.177 loading class java/nio/channels/spi/AbstractInterruptibleChannel$1
Event: 11.177 loading class sun/nio/ch/Interruptible
Event: 11.177 loading class sun/nio/ch/Interruptible done
Event: 11.177 loading class java/nio/channels/spi/AbstractInterruptibleChannel$1 done
Event: 11.210 loading class sun/reflect/misc/ReflectUtil
Event: 11.211 loading class sun/reflect/misc/ReflectUtil done
Event: 11.220 loading class sun/nio/fs/WindowsUriSupport
Event: 11.221 loading class sun/nio/fs/WindowsUriSupport done
Event: 11.367 loading class java/util/concurrent/CompletionException
Event: 11.368 loading class java/util/concurrent/CompletionException done
Event: 11.383 loading class jdk/internal/reflect/UnsafeIntegerFieldAccessorImpl
Event: 11.384 loading class jdk/internal/reflect/UnsafeIntegerFieldAccessorImpl done
Event: 13.196 Thread 0x00000176ecae28b0 Thread exited: 0x00000176ecae28b0
Event: 13.688 Thread 0x00000176ecae8e40 Thread exited: 0x00000176ecae8e40
Event: 13.689 Thread 0x00000176ec7ada70 Thread exited: 0x00000176ec7ada70
Event: 13.694 Thread 0x00000176ec7989e0 Thread exited: 0x00000176ec7989e0
Event: 13.694 Thread 0x00000176ec7ad590 Thread exited: 0x00000176ec7ad590
Event: 16.386 Thread 0x00000176eda07030 Thread exited: 0x00000176eda07030
Event: 32.478 loading class java/io/DataOutputStream
Event: 32.478 loading class java/io/DataOutputStream done


Dynamic libraries:
0x00007ff7e4980000 - 0x00007ff7e498e000 	c:\Users\dayan\.vscode\extensions\redhat.java-1.22.1-win32-x64\jre\17.0.8.1-win32-x86_64\bin\java.exe
0x00007ff9ec370000 - 0x00007ff9ec568000 	C:\WINDOWS\SYSTEM32\ntdll.dll
0x00007ff9ebc40000 - 0x00007ff9ebcfd000 	C:\WINDOWS\System32\KERNEL32.DLL
0x00007ff9e9f30000 - 0x00007ff9ea226000 	C:\WINDOWS\System32\KERNELBASE.dll
0x00007ff9e9c00000 - 0x00007ff9e9d00000 	C:\WINDOWS\System32\ucrtbase.dll
0x00007ff9e3c00000 - 0x00007ff9e3c17000 	c:\Users\dayan\.vscode\extensions\redhat.java-1.22.1-win32-x64\jre\17.0.8.1-win32-x86_64\bin\jli.dll
0x00007ff9ebd20000 - 0x00007ff9ebebe000 	C:\WINDOWS\System32\USER32.dll
0x00007ff9e9f00000 - 0x00007ff9e9f22000 	C:\WINDOWS\System32\win32u.dll
0x00007ff9eac80000 - 0x00007ff9eacac000 	C:\WINDOWS\System32\GDI32.dll
0x00007ff9e9d00000 - 0x00007ff9e9e1a000 	C:\WINDOWS\System32\gdi32full.dll
0x00007ff9ea330000 - 0x00007ff9ea3cd000 	C:\WINDOWS\System32\msvcp_win.dll
0x00007ff9e3920000 - 0x00007ff9e3939000 	c:\Users\dayan\.vscode\extensions\redhat.java-1.22.1-win32-x64\jre\17.0.8.1-win32-x86_64\bin\VCRUNTIME140.dll
0x00007ff9dadf0000 - 0x00007ff9db08a000 	C:\WINDOWS\WinSxS\amd64_microsoft.windows.common-controls_6595b64144ccf1df_6.0.19041.1110_none_60b5254171f9507e\COMCTL32.dll
0x00007ff9eabe0000 - 0x00007ff9eac7e000 	C:\WINDOWS\System32\msvcrt.dll
0x00007ff9eb2a0000 - 0x00007ff9eb2d0000 	C:\WINDOWS\System32\IMM32.DLL
0x00007ff9e9850000 - 0x00007ff9e9886000 	C:\WINDOWS\system32\DriverStore\FileRepository\nvsmi.inf_amd64_d948da72bde46eee\nvinitx.dll
0x00007ff9ead80000 - 0x00007ff9eae2e000 	C:\WINDOWS\System32\ADVAPI32.dll
0x00007ff9ea4b0000 - 0x00007ff9ea54c000 	C:\WINDOWS\System32\sechost.dll
0x00007ff9eaff0000 - 0x00007ff9eb116000 	C:\WINDOWS\System32\RPCRT4.dll
0x00007ff9e9840000 - 0x00007ff9e984a000 	C:\WINDOWS\SYSTEM32\VERSION.dll
0x00007ff9eb490000 - 0x00007ff9ebbd5000 	C:\WINDOWS\System32\Shell32.dll
0x00007ff9e7a90000 - 0x00007ff9e822b000 	C:\WINDOWS\SYSTEM32\windows.storage.dll
0x00007ff9ea640000 - 0x00007ff9ea994000 	C:\WINDOWS\System32\combase.dll
0x00007ff9e9370000 - 0x00007ff9e939e000 	C:\WINDOWS\SYSTEM32\Wldp.dll
0x00007ff9eaf40000 - 0x00007ff9eafed000 	C:\WINDOWS\System32\SHCORE.dll
0x00007ff9ebbe0000 - 0x00007ff9ebc35000 	C:\WINDOWS\System32\shlwapi.dll
0x0000000065440000 - 0x0000000065446000 	C:\Program Files\NVIDIA Corporation\CoProcManager\_etoured.dll
0x00007ff9e1d40000 - 0x00007ff9e1d83000 	C:\Program Files\NVIDIA Corporation\CoProcManager\nvd3d9wrapx.dll
0x00007ff9ebec0000 - 0x00007ff9ec32e000 	C:\WINDOWS\System32\SETUPAPI.dll
0x00007ff9e9bb0000 - 0x00007ff9e9bfe000 	C:\WINDOWS\System32\cfgmgr32.dll
0x00007ff9e9ed0000 - 0x00007ff9e9ef7000 	C:\WINDOWS\System32\bcrypt.dll
0x00007ff9e1ba0000 - 0x00007ff9e1bcd000 	C:\Program Files\NVIDIA Corporation\CoProcManager\nvdxgiwrapx.dll
0x00007ff9e3910000 - 0x00007ff9e391c000 	c:\Users\dayan\.vscode\extensions\redhat.java-1.22.1-win32-x64\jre\17.0.8.1-win32-x86_64\bin\vcruntime140_1.dll
0x00007ff9cb770000 - 0x00007ff9cb801000 	c:\Users\dayan\.vscode\extensions\redhat.java-1.22.1-win32-x64\jre\17.0.8.1-win32-x86_64\bin\msvcp140.dll
0x00007ff978f90000 - 0x00007ff979bdc000 	c:\Users\dayan\.vscode\extensions\redhat.java-1.22.1-win32-x64\jre\17.0.8.1-win32-x86_64\bin\server\jvm.dll
0x00007ff9e98b0000 - 0x00007ff9e98fb000 	C:\WINDOWS\SYSTEM32\POWRPROF.dll
0x00007ff9dfea0000 - 0x00007ff9dfea9000 	C:\WINDOWS\SYSTEM32\WSOCK32.dll
0x00007ff9ea5b0000 - 0x00007ff9ea61b000 	C:\WINDOWS\System32\WS2_32.dll
0x00007ff9e08e0000 - 0x00007ff9e0907000 	C:\WINDOWS\SYSTEM32\WINMM.dll
0x00007ff9e9890000 - 0x00007ff9e98a2000 	C:\WINDOWS\SYSTEM32\UMPDC.dll
0x00007ff9e7890000 - 0x00007ff9e78a2000 	C:\WINDOWS\SYSTEM32\kernel.appcore.dll
0x00007ff9e3900000 - 0x00007ff9e390a000 	c:\Users\dayan\.vscode\extensions\redhat.java-1.22.1-win32-x64\jre\17.0.8.1-win32-x86_64\bin\jimage.dll
0x00007ff9deae0000 - 0x00007ff9decc4000 	C:\WINDOWS\SYSTEM32\DBGHELP.DLL
0x00007ff9deed0000 - 0x00007ff9def04000 	C:\WINDOWS\SYSTEM32\dbgcore.DLL
0x00007ff9ea230000 - 0x00007ff9ea2b2000 	C:\WINDOWS\System32\bcryptPrimitives.dll
0x00007ff9e38f0000 - 0x00007ff9e38fe000 	c:\Users\dayan\.vscode\extensions\redhat.java-1.22.1-win32-x64\jre\17.0.8.1-win32-x86_64\bin\instrument.dll
0x00007ff9e2ea0000 - 0x00007ff9e2ec5000 	c:\Users\dayan\.vscode\extensions\redhat.java-1.22.1-win32-x64\jre\17.0.8.1-win32-x86_64\bin\java.dll
0x00007ff9e2e80000 - 0x00007ff9e2e98000 	c:\Users\dayan\.vscode\extensions\redhat.java-1.22.1-win32-x64\jre\17.0.8.1-win32-x86_64\bin\zip.dll
0x00007ff9e9980000 - 0x00007ff9e99a5000 	C:\WINDOWS\SYSTEM32\profapi.dll
0x00007ff9e2e60000 - 0x00007ff9e2e79000 	C:\Users\dayan\.vscode\extensions\redhat.java-1.22.1-win32-x64\jre\17.0.8.1-win32-x86_64\bin\net.dll
0x00007ff9e1c10000 - 0x00007ff9e1d1a000 	C:\WINDOWS\SYSTEM32\WINHTTP.dll
0x00007ff9e90d0000 - 0x00007ff9e913a000 	C:\WINDOWS\system32\mswsock.dll
0x00007ff9d2740000 - 0x00007ff9d2755000 	C:\Users\dayan\.vscode\extensions\redhat.java-1.22.1-win32-x64\jre\17.0.8.1-win32-x86_64\bin\nio.dll
0x00007ff9e38a0000 - 0x00007ff9e38b0000 	c:\Users\dayan\.vscode\extensions\redhat.java-1.22.1-win32-x64\jre\17.0.8.1-win32-x86_64\bin\verify.dll
0x00007ff9e3b70000 - 0x00007ff9e3b79000 	C:\Users\dayan\.vscode\extensions\redhat.java-1.22.1-win32-x64\jre\17.0.8.1-win32-x86_64\bin\management.dll
0x00007ff9e2e00000 - 0x00007ff9e2e0b000 	C:\Users\dayan\.vscode\extensions\redhat.java-1.22.1-win32-x64\jre\17.0.8.1-win32-x86_64\bin\management_ext.dll
0x00007ff9eabd0000 - 0x00007ff9eabd8000 	C:\WINDOWS\System32\PSAPI.DLL
0x00007ff9e92d0000 - 0x00007ff9e92e8000 	C:\WINDOWS\SYSTEM32\CRYPTSP.dll
0x00007ff9e89e0000 - 0x00007ff9e8a14000 	C:\WINDOWS\system32\rsaenh.dll
0x00007ff9e9940000 - 0x00007ff9e996e000 	C:\WINDOWS\SYSTEM32\USERENV.dll
0x00007ff9e92c0000 - 0x00007ff9e92cc000 	C:\WINDOWS\SYSTEM32\CRYPTBASE.dll
0x00007ff9e8dc0000 - 0x00007ff9e8dfb000 	C:\WINDOWS\SYSTEM32\IPHLPAPI.DLL
0x00007ff9ea620000 - 0x00007ff9ea628000 	C:\WINDOWS\System32\NSI.dll
0x00007ff9e2c50000 - 0x00007ff9e2c67000 	C:\WINDOWS\SYSTEM32\dhcpcsvc6.DLL
0x00007ff9e3170000 - 0x00007ff9e318d000 	C:\WINDOWS\SYSTEM32\dhcpcsvc.DLL
0x00007ff9e8e00000 - 0x00007ff9e8eca000 	C:\WINDOWS\SYSTEM32\DNSAPI.dll
0x00007ff9ca5c0000 - 0x00007ff9ca605000 	C:\Users\dayan\AppData\Local\Temp\jna-95361225\jna10240823827263977273.dll

dbghelp: loaded successfully - version: 4.0.5 - missing functions: none
symbol engine: initialized successfully - sym options: 0x614 - pdb path: .;c:\Users\dayan\.vscode\extensions\redhat.java-1.22.1-win32-x64\jre\17.0.8.1-win32-x86_64\bin;C:\WINDOWS\SYSTEM32;C:\WINDOWS\WinSxS\amd64_microsoft.windows.common-controls_6595b64144ccf1df_6.0.19041.1110_none_60b5254171f9507e;C:\WINDOWS\system32\DriverStore\FileRepository\nvsmi.inf_amd64_d948da72bde46eee;C:\Program Files\NVIDIA Corporation\CoProcManager;c:\Users\dayan\.vscode\extensions\redhat.java-1.22.1-win32-x64\jre\17.0.8.1-win32-x86_64\bin\server;C:\Users\dayan\AppData\Local\Temp\jna-95361225

VM Arguments:
jvm_args: --add-modules=ALL-SYSTEM --add-opens=java.base/java.util=ALL-UNNAMED --add-opens=java.base/java.lang=ALL-UNNAMED --add-opens=java.base/sun.nio.fs=ALL-UNNAMED -Declipse.application=org.eclipse.jdt.ls.core.id1 -Dosgi.bundles.defaultStartLevel=4 -Declipse.product=org.eclipse.jdt.ls.core.product -Djava.import.generatesMetadataFilesAtProjectRoot=false -Dfile.encoding=utf8 -XX:+UseParallelGC -XX:GCTimeRatio=4 -XX:AdaptiveSizePolicyWeight=90 -Dsun.zip.disableMemoryMapping=true -Xmx1G -Xms100m -Xlog:disable -javaagent:c:\Users\dayan\.vscode\extensions\redhat.java-1.22.1-win32-x64\lombok\lombok-1.18.28.jar -XX:+HeapDumpOnOutOfMemoryError -XX:HeapDumpPath=c:\Users\dayan\AppData\Roaming\Code\User\workspaceStorage\0b5e52b29039e0d816c6c08d15b953d9\redhat.java -Daether.dependencyCollector.impl=bf 
java_command: c:\Users\dayan\.vscode\extensions\redhat.java-1.22.1-win32-x64\server\plugins\org.eclipse.equinox.launcher_1.6.500.v20230717-2134.jar -configuration c:\Users\dayan\AppData\Roaming\Code\User\globalStorage\redhat.java\1.22.1\config_win -data c:\Users\dayan\AppData\Roaming\Code\User\workspaceStorage\0b5e52b29039e0d816c6c08d15b953d9\redhat.java\jdt_ws
java_class_path (initial): c:\Users\dayan\.vscode\extensions\redhat.java-1.22.1-win32-x64\server\plugins\org.eclipse.equinox.launcher_1.6.500.v20230717-2134.jar
Launcher Type: SUN_STANDARD

[Global flags]
    uintx AdaptiveSizePolicyWeight                 = 90                                        {product} {command line}
     intx CICompilerCount                          = 3                                         {product} {ergonomic}
    uintx GCTimeRatio                              = 4                                         {product} {command line}
     bool HeapDumpOnOutOfMemoryError               = true                                   {manageable} {command line}
    ccstr HeapDumpPath                             = c:\Users\dayan\AppData\Roaming\Code\User\workspaceStorage\0b5e52b29039e0d816c6c08d15b953d9\redhat.java         {manageable} {command line}
   size_t InitialHeapSize                          = 104857600                                 {product} {command line}
   size_t MaxHeapSize                              = 1073741824                                {product} {command line}
   size_t MaxNewSize                               = 357564416                                 {product} {ergonomic}
   size_t MinHeapDeltaBytes                        = 524288                                    {product} {ergonomic}
   size_t MinHeapSize                              = 104857600                                 {product} {command line}
   size_t NewSize                                  = 34603008                                  {product} {ergonomic}
    uintx NonNMethodCodeHeapSize                   = 5832780                                {pd product} {ergonomic}
    uintx NonProfiledCodeHeapSize                  = 122912730                              {pd product} {ergonomic}
   size_t OldSize                                  = 70254592                                  {product} {ergonomic}
    uintx ProfiledCodeHeapSize                     = 122912730                              {pd product} {ergonomic}
    uintx ReservedCodeCacheSize                    = 251658240                              {pd product} {ergonomic}
     bool SegmentedCodeCache                       = true                                      {product} {ergonomic}
   size_t SoftMaxHeapSize                          = 1073741824                             {manageable} {ergonomic}
     bool UseCompressedClassPointers               = true                           {product lp64_product} {ergonomic}
     bool UseCompressedOops                        = true                           {product lp64_product} {ergonomic}
     bool UseLargePagesIndividualAllocation        = false                                  {pd product} {ergonomic}
     bool UseParallelGC                            = true                                      {product} {command line}

Logging:
Log output configuration:
 #0: stdout all=off uptime,level,tags
 #1: stderr all=off uptime,level,tags

Environment Variables:
JAVA_HOME=C:\Program Files\Java\jdk-18.0.2.1
PATH=C:\Program Files\Common Files\Oracle\Java\javapath;C:\WINDOWS\system32;C:\WINDOWS;C:\WINDOWS\System32\Wbem;C:\WINDOWS\System32\WindowsPowerShell\v1.0\;C:\WINDOWS\System32\OpenSSH\;C:\Program Files\Git\cmd;C:\Program Files\Java\jdk-18.0.2.1\bin;C:\Users\dayan\AppData\Local\Programs\Python\Python310\Scripts\;C:\Users\dayan\AppData\Local\Programs\Python\Python310\;C:\Users\dayan\AppData\Local\Microsoft\WindowsApps;C:\Program Files\JetBrains\PyCharm Community Edition 2022.1.4\bin;;C:\Program Files\JetBrains\IntelliJ IDEA Community Edition 2022.2.1\bin;;C:\Program Files\Java\jdk-18.0.2.1\bin;C:\Users\dayan\AppData\Local\Programs\Microsoft VS Code\bin;C:\Users\dayan\AppData\Local\GitHubDesktop\bin
USERNAME=dayan
OS=Windows_NT
PROCESSOR_IDENTIFIER=Intel64 Family 6 Model 42 Stepping 7, GenuineIntel
TMP=C:\Users\dayan\AppData\Local\Temp
TEMP=C:\Users\dayan\AppData\Local\Temp



---------------  S Y S T E M  ---------------

OS:
 Windows 10 , 64 bit Build 19041 (10.0.19041.3393)
OS uptime: 0 days 14:07 hours

CPU: total 4 (initial active 4) (2 cores per cpu, 2 threads per core) family 6 model 42 stepping 7 microcode 0x2f, cx8, cmov, fxsr, ht, mmx, sse, sse2, sse3, ssse3, sse4.1, sse4.2, popcnt, tsc, tscinvbit, avx, aes, clmul, vzeroupper, clflush
Processor Information for all 4 processors :
  Max Mhz: 2301, Current Mhz: 2300, Mhz Limit: 2277

Memory: 4k page, system-wide physical 8103M (1457M free)
TotalPageFile size 11619M (AvailPageFile size 12M)
current process WorkingSet (physical memory assigned to process): 144M, peak: 169M
current process commit charge ("private bytes"): 232M, peak: 257M

vm_info: OpenJDK 64-Bit Server VM (17.0.8.1+1) for windows-amd64 JRE (17.0.8.1+1), built on Aug 23 2023 15:29:17 by "admin" with MS VC++ 16.7 (VS2019)

END.
